E:\DirectX_Programming\Demos\Chapter 7 Lighting\LitSkull\Debug\cl.command.1.tlog
E:\DirectX_Programming\Demos\Chapter 7 Lighting\LitSkull\Debug\CL.read.1.tlog
E:\DirectX_Programming\Demos\Chapter 7 Lighting\LitSkull\Debug\CL.write.1.tlog
E:\DirectX_Programming\Demos\Chapter 7 Lighting\LitSkull\Debug\custombuild.command.1.tlog
E:\DirectX_Programming\Demos\Chapter 7 Lighting\LitSkull\Debug\custombuild.read.1.tlog
E:\DirectX_Programming\Demos\Chapter 7 Lighting\LitSkull\Debug\custombuild.write.1.tlog
E:\DIRECTX_PROGRAMMING\DEMOS\CHAPTER 7 LIGHTING\LITSKULL\DEBUG\D3DAPP.OBJ
E:\DIRECTX_PROGRAMMING\DEMOS\CHAPTER 7 LIGHTING\LITSKULL\DEBUG\D3DUTIL.OBJ
E:\DIRECTX_PROGRAMMING\DEMOS\CHAPTER 7 LIGHTING\LITSKULL\DEBUG\EFFECTS.OBJ
E:\DIRECTX_PROGRAMMING\DEMOS\CHAPTER 7 LIGHTING\LITSKULL\DEBUG\GAMETIMER.OBJ
E:\DIRECTX_PROGRAMMING\DEMOS\CHAPTER 7 LIGHTING\LITSKULL\DEBUG\GEOMETRYGENERATOR.OBJ
E:\DIRECTX_PROGRAMMING\DEMOS\CHAPTER 7 LIGHTING\LITSKULL\DEBUG\LIGHTHELPER.OBJ
E:\DirectX_Programming\Demos\Chapter 7 Lighting\LitSkull\Debug\link.3480.read.1.tlog
E:\DirectX_Programming\Demos\Chapter 7 Lighting\LitSkull\Debug\link.3480.write.1.tlog
E:\DirectX_Programming\Demos\Chapter 7 Lighting\LitSkull\Debug\link.3480-cvtres.read.1.tlog
E:\DirectX_Programming\Demos\Chapter 7 Lighting\LitSkull\Debug\link.3480-cvtres.write.1.tlog
E:\DirectX_Programming\Demos\Chapter 7 Lighting\LitSkull\Debug\link.command.1.tlog
E:\DirectX_Programming\Demos\Chapter 7 Lighting\LitSkull\Debug\link.read.1.tlog
E:\DirectX_Programming\Demos\Chapter 7 Lighting\LitSkull\Debug\link.write.1.tlog
E:\DirectX_Programming\Demos\Chapter 7 Lighting\LitSkull\Debug\link-cvtres.read.1.tlog
E:\DirectX_Programming\Demos\Chapter 7 Lighting\LitSkull\Debug\link-cvtres.write.1.tlog
E:\DIRECTX_PROGRAMMING\DEMOS\CHAPTER 7 LIGHTING\LITSKULL\DEBUG\LITSKULL.EXE.EMBED.MANIFEST
E:\DIRECTX_PROGRAMMING\DEMOS\CHAPTER 7 LIGHTING\LITSKULL\DEBUG\LITSKULL.EXE.EMBED.MANIFEST.RES
E:\DIRECTX_PROGRAMMING\DEMOS\CHAPTER 7 LIGHTING\LITSKULL\DEBUG\LITSKULL.EXE.INTERMEDIATE.MANIFEST
E:\DirectX_Programming\Demos\Chapter 7 Lighting\LitSkull\Debug\LitSkull.vcxprojResolveAssemblyReference.cache
E:\DirectX_Programming\Demos\Chapter 7 Lighting\LitSkull\Debug\LitSkull.write.1.tlog
E:\DirectX_Programming\Demos\Chapter 7 Lighting\LitSkull\Debug\LitSkull_manifest.rc
E:\DIRECTX_PROGRAMMING\DEMOS\CHAPTER 7 LIGHTING\LITSKULL\DEBUG\LITSKULLDEMO.OBJ
E:\DIRECTX_PROGRAMMING\DEMOS\CHAPTER 7 LIGHTING\LITSKULL\DEBUG\MATHHELPER.OBJ
E:\DirectX_Programming\Demos\Chapter 7 Lighting\LitSkull\Debug\mt.command.1.tlog
E:\DirectX_Programming\Demos\Chapter 7 Lighting\LitSkull\Debug\mt.read.1.tlog
E:\DirectX_Programming\Demos\Chapter 7 Lighting\LitSkull\Debug\mt.write.1.tlog
E:\DirectX_Programming\Demos\Chapter 7 Lighting\LitSkull\Debug\rc.command.1.tlog
E:\DirectX_Programming\Demos\Chapter 7 Lighting\LitSkull\Debug\rc.read.1.tlog
E:\DirectX_Programming\Demos\Chapter 7 Lighting\LitSkull\Debug\rc.write.1.tlog
E:\DirectX_Programming\Demos\Chapter 7 Lighting\LitSkull\Debug\vc100.idb
E:\DIRECTX_PROGRAMMING\DEMOS\CHAPTER 7 LIGHTING\LITSKULL\DEBUG\VC100.PDB
E:\DIRECTX_PROGRAMMING\DEMOS\CHAPTER 7 LIGHTING\LITSKULL\DEBUG\VERTEX.OBJ
E:\DIRECTX_PROGRAMMING\DEMOS\CHAPTER 7 LIGHTING\LITSKULL\DEBUG\WAVES.OBJ
E:\DIRECTX_PROGRAMMING\DEMOS\CHAPTER 7 LIGHTING\LITSKULL\FX\BASIC.FXO
E:\DIRECTX_PROGRAMMING\PROJECTS\TEMPLATEPROJECT\DEBUG\LITSKULL.EXE
E:\DirectX_Programming\Projects\TemplateProject\Debug\LitSkull.exp
E:\DIRECTX_PROGRAMMING\PROJECTS\TEMPLATEPROJECT\DEBUG\LITSKULL.ILK
E:\DirectX_Programming\Projects\TemplateProject\Debug\LitSkull.lib
E:\DIRECTX_PROGRAMMING\PROJECTS\TEMPLATEPROJECT\DEBUG\LITSKULL.PDB
