Build started 17-Feb-19 18:05:42.
     1>Project "E:\DirectX_Programming\Demos\Chapter 7 Lighting\LitSkull\LitSkull.vcxproj" on node 2 (build target(s)).
     1>InitializeBuildStatus:
         Creating "Debug\LitSkull.unsuccessfulbuild" because "AlwaysCreate" was specified.
       CustomBuild:
         All outputs are up-to-date.
       ClCompile:
         C:\Program Files (x86)\Microsoft Visual Studio 10.0\VC\bin\CL.exe /c /ZI /nologo /W3 /WX- /Od /Oy- /D WIN32 /D _DEBUG /D _WINDOWS /D _UNICODE /D UNICODE /Gm /EHsc /RTC1 /MDd /GS /fp:precise /Zc:wchar_t /Zc:forScope /Fo"Debug\\" /Fd"Debug\vc100.pdb" /Gd /TP /analyze- /errorReport:prompt LitSkullDemo.cpp
         LitSkullDemo.cpp
       ManifestResourceCompile:
         All outputs are up-to-date.
       Link:
         C:\Program Files (x86)\Microsoft Visual Studio 10.0\VC\bin\link.exe /ERRORREPORT:PROMPT /OUT:"E:\DirectX_Programming\Projects\TemplateProject\Debug\LitSkull.exe" /INCREMENTAL /NOLOGO d3d11.lib d3dx11d.lib D3DCompiler.lib Effects11d.lib dxerr.lib dxgi.lib dxguid.lib kernel32.lib user32.lib gdi32.lib winspool.lib comdlg32.lib advapi32.lib shell32.lib ole32.lib oleaut32.lib uuid.lib odbc32.lib odbccp32.lib /MANIFEST /ManifestFile:"Debug\LitSkull.exe.intermediate.manifest" /MANIFESTUAC:"level='asInvoker' uiAccess='false'" /DEBUG /PDB:"E:\DirectX_Programming\Projects\TemplateProject\Debug\LitSkull.pdb" /SUBSYSTEM:WINDOWS /TLBID:1 /DYNAMICBASE /NXCOMPAT /IMPLIB:"E:\DirectX_Programming\Projects\TemplateProject\Debug\LitSkull.lib" /MACHINE:X86 Debug\LitSkull.exe.embed.manifest.res
         Debug\d3dApp.obj
         Debug\d3dUtil.obj
         Debug\GameTimer.obj
         Debug\GeometryGenerator.obj
         Debug\LightHelper.obj
         Debug\MathHelper.obj
         Debug\Waves.obj
         Debug\Effects.obj
         Debug\LitSkullDemo.obj
         Debug\Vertex.obj
       Manifest:
         C:\Program Files (x86)\Microsoft SDKs\Windows\v7.0A\bin\mt.exe /nologo /verbose /out:"Debug\LitSkull.exe.embed.manifest" /manifest Debug\LitSkull.exe.intermediate.manifest
         All outputs are up-to-date.
       LinkEmbedManifest:
         All outputs are up-to-date.
         LitSkull.vcxproj -> E:\DirectX_Programming\Projects\TemplateProject\Debug\LitSkull.exe
       FinalizeBuildStatus:
         Deleting file "Debug\LitSkull.unsuccessfulbuild".
         Touching "Debug\LitSkull.lastbuildstate".
     1>Done Building Project "E:\DirectX_Programming\Demos\Chapter 7 Lighting\LitSkull\LitSkull.vcxproj" (build target(s)).

Build succeeded.

Time Elapsed 00:00:02.23
